\BOOKMARK [1][-]{section.1}{Introduction}{}% 1
\BOOKMARK [2][-]{subsection.1.1}{Background}{section.1}% 2
\BOOKMARK [2][-]{subsection.1.2}{Restatement\040of\040problem}{section.1}% 3
\BOOKMARK [2][-]{subsection.1.3}{Our\040Work}{section.1}% 4
\BOOKMARK [1][-]{section.2}{General\040Assumptions\040and\040Symbol\040Description}{}% 5
\BOOKMARK [2][-]{subsection.2.1}{General\040Assumptions}{section.2}% 6
\BOOKMARK [2][-]{subsection.2.2}{Symbol\040Description}{section.2}% 7
\BOOKMARK [1][-]{section.3}{Establishment\040of\040Single\040Species\040Model}{}% 8
\BOOKMARK [1][-]{section.4}{Establishment\040of\040Multi-Species\040Model}{}% 9
\BOOKMARK [2][-]{subsection.4.1}{Lotka-Volterra\040Model}{section.4}% 10
\BOOKMARK [2][-]{subsection.4.2}{Improved\040Lotka-Volterra\040model}{section.4}% 11
\BOOKMARK [1][-]{section.5}{Analysis\040of\040Multi-Species\040Model}{}% 12
\BOOKMARK [2][-]{subsection.5.1}{Relationship\040between\040the\040number\040of\040ground\040litter\040and\040growth\040rate}{section.5}% 13
\BOOKMARK [2][-]{subsection.5.2}{Relationship\040between\040the\040number\040of\040ground\040litter\040and\040moisture\040tolerance}{section.5}% 14
\BOOKMARK [2][-]{subsection.5.3}{Analysis\040of\040Model\040Result}{section.5}% 15
\BOOKMARK [3][-]{subsubsection.5.3.1}{Total\040Trend}{subsection.5.3}% 16
\BOOKMARK [3][-]{subsubsection.5.3.2}{Short-term\040and\040Long-term\040trends}{subsection.5.3}% 17
\BOOKMARK [2][-]{subsection.5.4}{Sensitivity\040of\040rapid\040environmental\040fluctuations}{section.5}% 18
\BOOKMARK [2][-]{subsection.5.5}{Prediction\040of\040Relative\040Advantages\040and\040Disadvantages}{section.5}% 19
\BOOKMARK [1][-]{section.6}{Prediction\040to\040various\040environmental\040conditions}{}% 20
\BOOKMARK [1][-]{section.7}{Effects\040of\040fungal\040community\040diversity}{}% 21
\BOOKMARK [1][-]{section.8}{Sensitivity\040Analysis}{}% 22
\BOOKMARK [1][-]{section.9}{Strengths,Weaknesses\040and\040improvement}{}% 23
\BOOKMARK [2][-]{subsection.9.1}{Strengths}{section.9}% 24
\BOOKMARK [2][-]{subsection.9.2}{Weaknesses\040and\040Improvement}{section.9}% 25
\BOOKMARK [1][-]{section.10}{Conclusion}{}% 26
\BOOKMARK [1][-]{section.11}{References}{}% 27
\BOOKMARK [1][-]{section.12}{Content\040in\040Textbook}{}% 28
